Дата/время: 2022-12-16 15:57:40.063274
Имя функции: hello_world
Аргументы: ((), {})
Результат: Hello World
Дата/время: 2022-12-16 15:57:40.063381
Имя функции: summator
Аргументы: ((2, 2), {})
Результат: 4
Дата/время: 2022-12-16 15:57:40.063421
Имя функции: div
Аргументы: ((6, 2), {})
Результат: 3.0
Дата/время: 2022-12-16 15:57:40.063564
Имя функции: summator
Аргументы: ((4.3,), {'b': 2.2})
Результат: 6.5
Дата/время: 2022-12-16 15:57:40.063591
Имя функции: summator
Аргументы: ((), {'a': 0, 'b': 0})
Результат: 0
